Determining if the pthread_create exist failed with the following output:
Change Dir: /home/robond/Workspace/1_GazeboWorld/build/CMakeFiles/CMakeTmp

Run Build Command:"/usr/bin/make" "cmTC_d6e95/fast"
/usr/bin/make -f CMakeFiles/cmTC_d6e95.dir/build.make CMakeFiles/cmTC_d6e95.dir/build
make[1]: Entering directory '/home/robond/Workspace/1_GazeboWorld/build/CMakeFiles/CMakeTmp'
Building C object CMakeFiles/cmTC_d6e95.dir/CheckSymbolExists.c.o
/usr/bin/cc     -o CMakeFiles/cmTC_d6e95.dir/CheckSymbolExists.c.o   -c /home/robond/Workspace/1_GazeboWorld/build/CMakeFiles/CMakeTmp/CheckSymbolExists.c
Linking C executable cmTC_d6e95
/usr/bin/cmake -E cmake_link_script CMakeFiles/cmTC_d6e95.dir/link.txt --verbose=1
/usr/bin/cc       CMakeFiles/cmTC_d6e95.dir/CheckSymbolExists.c.o  -o cmTC_d6e95 -rdynamic 
CMakeFiles/cmTC_d6e95.dir/CheckSymbolExists.c.o: In function `main':
CheckSymbolExists.c:(.text+0x16): undefined reference to `pthread_create'
collect2: error: ld returned 1 exit status
CMakeFiles/cmTC_d6e95.dir/build.make:97: recipe for target 'cmTC_d6e95' failed
make[1]: *** [cmTC_d6e95] Error 1
make[1]: Leaving directory '/home/robond/Workspace/1_GazeboWorld/build/CMakeFiles/CMakeTmp'
Makefile:126: recipe for target 'cmTC_d6e95/fast' failed
make: *** [cmTC_d6e95/fast] Error 2

File /home/robond/Workspace/1_GazeboWorld/build/CMakeFiles/CMakeTmp/CheckSymbolExists.c:
/* */
#include <pthread.h>

int main(int argc, char** argv)
{
  (void)argv;
#ifndef pthread_create
  return ((int*)(&pthread_create))[argc];
#else
  (void)argc;
  return 0;
#endif
}

Determining if the function pthread_create exists in the pthreads failed with the following output:
Change Dir: /home/robond/Workspace/1_GazeboWorld/build/CMakeFiles/CMakeTmp

Run Build Command:"/usr/bin/make" "cmTC_5f05f/fast"
/usr/bin/make -f CMakeFiles/cmTC_5f05f.dir/build.make CMakeFiles/cmTC_5f05f.dir/build
make[1]: Entering directory '/home/robond/Workspace/1_GazeboWorld/build/CMakeFiles/CMakeTmp'
Building C object CMakeFiles/cmTC_5f05f.dir/CheckFunctionExists.c.o
/usr/bin/cc    -DCHECK_FUNCTION_EXISTS=pthread_create   -o CMakeFiles/cmTC_5f05f.dir/CheckFunctionExists.c.o   -c /usr/share/cmake-3.5/Modules/CheckFunctionExists.c
Linking C executable cmTC_5f05f
/usr/bin/cmake -E cmake_link_script CMakeFiles/cmTC_5f05f.dir/link.txt --verbose=1
/usr/bin/cc   -DCHECK_FUNCTION_EXISTS=pthread_create    CMakeFiles/cmTC_5f05f.dir/CheckFunctionExists.c.o  -o cmTC_5f05f -rdynamic -lpthreads 
/usr/bin/ld: cannot find -lpthreads
collect2: error: ld returned 1 exit status
CMakeFiles/cmTC_5f05f.dir/build.make:97: recipe for target 'cmTC_5f05f' failed
make[1]: *** [cmTC_5f05f] Error 1
make[1]: Leaving directory '/home/robond/Workspace/1_GazeboWorld/build/CMakeFiles/CMakeTmp'
Makefile:126: recipe for target 'cmTC_5f05f/fast' failed
make: *** [cmTC_5f05f/fast] Error 2


